2019-03-03 12:22:25.611 INFO [JavaFX Application Thread] [stecamSP1802.MainStecamPiantaggioBoccoleSP1802] [start] [stecamSP1802.MainStecamPiantaggioBoccoleSP1802.start(MainStecamPiantaggioBoccoleSP1802.java:40)] - START STECAMSP1802
2019-03-03 12:22:26.753 INFO [JavaFX Application Thread] [stecamSP1802.services.DbService] [connectDB] [stecamSP1802.services.DbService.connectDB(DbService.java:24)] - LOCAL DB CONNECTED
2019-03-03 12:22:26.754 INFO [JavaFX Application Thread] [stecamSP1802.controllers.MainController] [lDbConnected] [stecamSP1802.controllers.MainController.lDbConnected(MainController.java:273)] - LOCAL SQL DB SERVER CONNECTED 
2019-03-03 12:22:26.761 INFO [JavaFX Application Thread] [stecamSP1802.services.StatusManager] [setLocalDbStatus] [stecamSP1802.services.StatusManager.setLocalDbStatus(StatusManager.java:70)] - setLocalDbStatus: NEW STATUS 
2019-03-03 12:22:26.773 INFO [JavaFX Application Thread] [stecamSP1802.services.DbService] [connectDB] [stecamSP1802.services.DbService.connectDB(DbService.java:34)] - GLOBAL DB CONNECTED
2019-03-03 12:22:26.773 INFO [JavaFX Application Thread] [stecamSP1802.controllers.MainController] [gDbConnected] [stecamSP1802.controllers.MainController.gDbConnected(MainController.java:252)] - SQL DB SERVER CONNECTED 
2019-03-03 12:22:26.773 INFO [JavaFX Application Thread] [stecamSP1802.services.StatusManager] [setGlobalDbStatus] [stecamSP1802.services.StatusManager.setGlobalDbStatus(StatusManager.java:82)] - setGlobalDbStatus: NEW STATUS 
2019-03-03 12:22:27.787 ERROR [pool-3-thread-1] [stecamSP1802.services.PLC] [run] [stecamSP1802.services.PLC.run(PLC.java:545)] - TCP Connection failed.
2019-03-03 12:22:27.787 WARN [pool-3-thread-1] [stecamSP1802.controllers.MainController] [plcDisconnected] [stecamSP1802.controllers.MainController.plcDisconnected(MainController.java:221)] - PLC DISCONNECTED 
2019-03-03 12:22:27.788 INFO [pool-3-thread-1] [stecamSP1802.services.StatusManager] [setPlcStatus] [stecamSP1802.services.StatusManager.setPlcStatus(StatusManager.java:57)] - setPlcStatus: NEW STATUS 
2019-03-03 12:22:27.789 INFO [JavaFX Application Thread] [stecamSP1802.services.StatusManager] [setGlobalStatus] [stecamSP1802.services.StatusManager.setGlobalStatus(StatusManager.java:94)] - setGlobalStatus: NEW STATUS 
2019-03-03 12:22:28.812 ERROR [pool-3-thread-1] [stecamSP1802.services.PLC] [run] [stecamSP1802.services.PLC.run(PLC.java:545)] - TCP Connection failed.
2019-03-03 12:22:28.812 WARN [pool-3-thread-1] [stecamSP1802.controllers.MainController] [plcDisconnected] [stecamSP1802.controllers.MainController.plcDisconnected(MainController.java:221)] - PLC DISCONNECTED 
2019-03-03 12:22:28.812 INFO [pool-3-thread-1] [stecamSP1802.services.StatusManager] [setPlcStatus] [stecamSP1802.services.StatusManager.setPlcStatus(StatusManager.java:57)] - setPlcStatus: NEW STATUS 
2019-03-03 12:22:28.813 INFO [JavaFX Application Thread] [stecamSP1802.services.StatusManager] [setGlobalStatus] [stecamSP1802.services.StatusManager.setGlobalStatus(StatusManager.java:94)] - setGlobalStatus: NEW STATUS 
2019-03-03 12:22:29.848 ERROR [pool-3-thread-1] [stecamSP1802.services.PLC] [run] [stecamSP1802.services.PLC.run(PLC.java:545)] - TCP Connection failed.
2019-03-03 12:22:29.848 WARN [pool-3-thread-1] [stecamSP1802.controllers.MainController] [plcDisconnected] [stecamSP1802.controllers.MainController.plcDisconnected(MainController.java:221)] - PLC DISCONNECTED 
2019-03-03 12:22:29.848 INFO [pool-3-thread-1] [stecamSP1802.services.StatusManager] [setPlcStatus] [stecamSP1802.services.StatusManager.setPlcStatus(StatusManager.java:57)] - setPlcStatus: NEW STATUS 
2019-03-03 12:22:29.848 INFO [JavaFX Application Thread] [stecamSP1802.services.StatusManager] [setGlobalStatus] [stecamSP1802.services.StatusManager.setGlobalStatus(StatusManager.java:94)] - setGlobalStatus: NEW STATUS 
2019-03-03 12:22:30.881 ERROR [pool-3-thread-1] [stecamSP1802.services.PLC] [run] [stecamSP1802.services.PLC.run(PLC.java:545)] - TCP Connection failed.
2019-03-03 12:22:30.881 WARN [pool-3-thread-1] [stecamSP1802.controllers.MainController] [plcDisconnected] [stecamSP1802.controllers.MainController.plcDisconnected(MainController.java:221)] - PLC DISCONNECTED 
2019-03-03 12:22:30.881 INFO [pool-3-thread-1] [stecamSP1802.services.StatusManager] [setPlcStatus] [stecamSP1802.services.StatusManager.setPlcStatus(StatusManager.java:57)] - setPlcStatus: NEW STATUS 
2019-03-03 12:22:30.881 INFO [JavaFX Application Thread] [stecamSP1802.services.StatusManager] [setGlobalStatus] [stecamSP1802.services.StatusManager.setGlobalStatus(StatusManager.java:94)] - setGlobalStatus: NEW STATUS 
2019-03-03 12:22:31.915 ERROR [pool-3-thread-1] [stecamSP1802.services.PLC] [run] [stecamSP1802.services.PLC.run(PLC.java:545)] - TCP Connection failed.
2019-03-03 12:22:31.915 WARN [pool-3-thread-1] [stecamSP1802.controllers.MainController] [plcDisconnected] [stecamSP1802.controllers.MainController.plcDisconnected(MainController.java:221)] - PLC DISCONNECTED 
2019-03-03 12:22:31.915 INFO [pool-3-thread-1] [stecamSP1802.services.StatusManager] [setPlcStatus] [stecamSP1802.services.StatusManager.setPlcStatus(StatusManager.java:57)] - setPlcStatus: NEW STATUS 
2019-03-03 12:22:31.916 INFO [JavaFX Application Thread] [stecamSP1802.services.StatusManager] [setGlobalStatus] [stecamSP1802.services.StatusManager.setGlobalStatus(StatusManager.java:94)] - setGlobalStatus: NEW STATUS 
2019-03-03 12:22:32.941 ERROR [pool-3-thread-1] [stecamSP1802.services.PLC] [run] [stecamSP1802.services.PLC.run(PLC.java:545)] - TCP Connection failed.
2019-03-03 12:22:32.941 WARN [pool-3-thread-1] [stecamSP1802.controllers.MainController] [plcDisconnected] [stecamSP1802.controllers.MainController.plcDisconnected(MainController.java:221)] - PLC DISCONNECTED 
2019-03-03 12:22:32.941 INFO [pool-3-thread-1] [stecamSP1802.services.StatusManager] [setPlcStatus] [stecamSP1802.services.StatusManager.setPlcStatus(StatusManager.java:57)] - setPlcStatus: NEW STATUS 
2019-03-03 12:22:32.941 INFO [JavaFX Application Thread] [stecamSP1802.services.StatusManager] [setGlobalStatus] [stecamSP1802.services.StatusManager.setGlobalStatus(StatusManager.java:94)] - setGlobalStatus: NEW STATUS 
2019-03-03 12:22:33.967 ERROR [pool-3-thread-1] [stecamSP1802.services.PLC] [run] [stecamSP1802.services.PLC.run(PLC.java:545)] - TCP Connection failed.
2019-03-03 12:22:33.967 WARN [pool-3-thread-1] [stecamSP1802.controllers.MainController] [plcDisconnected] [stecamSP1802.controllers.MainController.plcDisconnected(MainController.java:221)] - PLC DISCONNECTED 
2019-03-03 12:22:33.967 INFO [pool-3-thread-1] [stecamSP1802.services.StatusManager] [setPlcStatus] [stecamSP1802.services.StatusManager.setPlcStatus(StatusManager.java:57)] - setPlcStatus: NEW STATUS 
2019-03-03 12:22:33.967 INFO [JavaFX Application Thread] [stecamSP1802.services.StatusManager] [setGlobalStatus] [stecamSP1802.services.StatusManager.setGlobalStatus(StatusManager.java:94)] - setGlobalStatus: NEW STATUS 
2019-03-03 12:22:35.001 ERROR [pool-3-thread-1] [stecamSP1802.services.PLC] [run] [stecamSP1802.services.PLC.run(PLC.java:545)] - TCP Connection failed.
2019-03-03 12:22:35.001 WARN [pool-3-thread-1] [stecamSP1802.controllers.MainController] [plcDisconnected] [stecamSP1802.controllers.MainController.plcDisconnected(MainController.java:221)] - PLC DISCONNECTED 
2019-03-03 12:22:35.001 INFO [pool-3-thread-1] [stecamSP1802.services.StatusManager] [setPlcStatus] [stecamSP1802.services.StatusManager.setPlcStatus(StatusManager.java:57)] - setPlcStatus: NEW STATUS 
2019-03-03 12:22:35.001 INFO [JavaFX Application Thread] [stecamSP1802.services.StatusManager] [setGlobalStatus] [stecamSP1802.services.StatusManager.setGlobalStatus(StatusManager.java:94)] - setGlobalStatus: NEW STATUS 
2019-03-03 12:22:36.036 ERROR [pool-3-thread-1] [stecamSP1802.services.PLC] [run] [stecamSP1802.services.PLC.run(PLC.java:545)] - TCP Connection failed.
2019-03-03 12:22:36.036 WARN [pool-3-thread-1] [stecamSP1802.controllers.MainController] [plcDisconnected] [stecamSP1802.controllers.MainController.plcDisconnected(MainController.java:221)] - PLC DISCONNECTED 
2019-03-03 12:22:36.036 INFO [pool-3-thread-1] [stecamSP1802.services.StatusManager] [setPlcStatus] [stecamSP1802.services.StatusManager.setPlcStatus(StatusManager.java:57)] - setPlcStatus: NEW STATUS 
2019-03-03 12:22:36.037 INFO [JavaFX Application Thread] [stecamSP1802.services.StatusManager] [setGlobalStatus] [stecamSP1802.services.StatusManager.setGlobalStatus(StatusManager.java:94)] - setGlobalStatus: NEW STATUS 
2019-03-03 12:22:37.070 ERROR [pool-3-thread-1] [stecamSP1802.services.PLC] [run] [stecamSP1802.services.PLC.run(PLC.java:545)] - TCP Connection failed.
2019-03-03 12:22:37.070 WARN [pool-3-thread-1] [stecamSP1802.controllers.MainController] [plcDisconnected] [stecamSP1802.controllers.MainController.plcDisconnected(MainController.java:221)] - PLC DISCONNECTED 
2019-03-03 12:22:37.070 INFO [pool-3-thread-1] [stecamSP1802.services.StatusManager] [setPlcStatus] [stecamSP1802.services.StatusManager.setPlcStatus(StatusManager.java:57)] - setPlcStatus: NEW STATUS 
2019-03-03 12:22:37.070 INFO [JavaFX Application Thread] [stecamSP1802.services.StatusManager] [setGlobalStatus] [stecamSP1802.services.StatusManager.setGlobalStatus(StatusManager.java:94)] - setGlobalStatus: NEW STATUS 
2019-03-03 12:22:38.104 ERROR [pool-3-thread-1] [stecamSP1802.services.PLC] [run] [stecamSP1802.services.PLC.run(PLC.java:545)] - TCP Connection failed.
2019-03-03 12:22:38.104 WARN [pool-3-thread-1] [stecamSP1802.controllers.MainController] [plcDisconnected] [stecamSP1802.controllers.MainController.plcDisconnected(MainController.java:221)] - PLC DISCONNECTED 
2019-03-03 12:22:38.104 INFO [pool-3-thread-1] [stecamSP1802.services.StatusManager] [setPlcStatus] [stecamSP1802.services.StatusManager.setPlcStatus(StatusManager.java:57)] - setPlcStatus: NEW STATUS 
2019-03-03 12:22:38.104 INFO [JavaFX Application Thread] [stecamSP1802.services.StatusManager] [setGlobalStatus] [stecamSP1802.services.StatusManager.setGlobalStatus(StatusManager.java:94)] - setGlobalStatus: NEW STATUS 
2019-03-03 12:22:38.663 INFO [pool-3-thread-1] [stecamSP1802.services.PLC] [run] [stecamSP1802.services.PLC.run(PLC.java:553)] - Connected to PLC PLC MASTER SERVICE
2019-03-03 12:22:38.663 INFO [pool-3-thread-1] [stecamSP1802.controllers.MainController] [plcConnected] [stecamSP1802.controllers.MainController.plcConnected(MainController.java:231)] - PLC CONNECTED 
2019-03-03 12:22:38.664 INFO [pool-3-thread-1] [stecamSP1802.services.StatusManager] [setPlcStatus] [stecamSP1802.services.StatusManager.setPlcStatus(StatusManager.java:57)] - setPlcStatus: NEW STATUS 
2019-03-03 12:22:38.664 INFO [JavaFX Application Thread] [stecamSP1802.services.StatusManager] [setGlobalStatus] [stecamSP1802.services.StatusManager.setGlobalStatus(StatusManager.java:94)] - setGlobalStatus: NEW STATUS 
2019-03-03 12:23:54.339 INFO [Thread-8] [stecamSP1802.services.barcode.BarCodeListener] [serialEvent] [stecamSP1802.services.barcode.BarCodeListener.serialEvent(BarCodeListener.java:47)] - BARCODE: 7777777 num Bytes: 8
2019-03-03 12:24:03.614 INFO [JavaFX Application Thread] [stecamSP1802.services.WebQueryService] [VerificaListaPartiWO] [stecamSP1802.services.WebQueryService.VerificaListaPartiWO(WebQueryService.java:50)] - Parsing 
2019-03-03 12:24:03.614 ERROR [pool-3-thread-1] [stecamSP1802.services.PLC] [checkSetLiveBit] [stecamSP1802.services.PLC.checkSetLiveBit(PLC.java:532)] - No live bit from PLC: PLC MASTER SERVICE
2019-03-03 12:24:03.615 INFO [JavaFX Application Thread] [stecamSP1802.services.csvparser.CsvParserService] [parse] [stecamSP1802.services.csvparser.CsvParserService.parse(CsvParserService.java:57)] - SKIPPING OK AND START PARSING
2019-03-03 12:24:03.639 INFO [JavaFX Application Thread] [stecamSP1802.services.WebQueryService] [VerificaListaPartiWO] [stecamSP1802.services.WebQueryService.VerificaListaPartiWO(WebQueryService.java:53)] - WAITING OK RICETTA DAL PLC 
2019-03-03 12:24:03.639 INFO [JavaFX Application Thread] [stecamSP1802.services.PlcService] [sendCodiceRicetta] [stecamSP1802.services.PlcService.sendCodiceRicetta(PlcService.java:86)] - INVIO AL PLC: 30110384
2019-03-03 12:24:03.639 INFO [JavaFX Application Thread] [stecamSP1802.services.PlcService] [sendCodiceRicetta] [stecamSP1802.services.PlcService.sendCodiceRicetta(PlcService.java:93)] - SETTO OK RICETTA PRONTA 0.6
2019-03-03 12:24:03.695 ERROR [pool-3-thread-1] [stecamSP1802.services.PLC] [checkSetLiveBit] [stecamSP1802.services.PLC.checkSetLiveBit(PLC.java:532)] - No live bit from PLC: PLC MASTER SERVICE
2019-03-03 12:24:42.193 INFO [pool-3-thread-1] [stecamSP1802.services.PLCListenerImp] [onPLCBitChanged] [stecamSP1802.services.PLCListenerImp.onPLCBitChanged(PLCListenerImp.java:22)] - PLC BIT CHANGED - PLC[PLC MASTER SERVICE] - address [0] - pos [6] - val[true]
2019-03-03 12:24:42.194 INFO [pool-3-thread-1] [stecamSP1802.services.StatusManager] [setGlobalStatus] [stecamSP1802.services.StatusManager.setGlobalStatus(StatusManager.java:94)] - setGlobalStatus: NEW STATUS 
2019-03-03 12:24:42.195 INFO [pool-3-thread-1] [stecamSP1802.services.PlcService] [unsetRicettaCaricata] [stecamSP1802.services.PlcService.unsetRicettaCaricata(PlcService.java:105)] - RESETTO CARICA RICETTA 0.6
2019-03-03 12:24:42.195 WARN [pool-3-thread-1] [stecamSP1802.controllers.MainController] [onRicettaOK] [stecamSP1802.controllers.MainController.onRicettaOK(MainController.java:286)] - RICETTA CARICATA! 
2019-03-03 12:24:42.198 INFO [JavaFX Application Thread] [stecamSP1802.services.StatusManager] [setGlobalStatus] [stecamSP1802.services.StatusManager.setGlobalStatus(StatusManager.java:94)] - setGlobalStatus: NEW STATUS 
2019-03-03 12:24:42.225 INFO [pool-3-thread-1] [stecamSP1802.services.PLCListenerImp] [onPLCBitChanged] [stecamSP1802.services.PLCListenerImp.onPLCBitChanged(PLCListenerImp.java:22)] - PLC BIT CHANGED - PLC[PLC MASTER SERVICE] - address [0] - pos [5] - val[false]
2019-03-03 12:24:42.225 INFO [pool-3-thread-1] [stecamSP1802.services.PLCListenerImp] [onPLCBitChanged] [stecamSP1802.services.PLCListenerImp.onPLCBitChanged(PLCListenerImp.java:22)] - PLC BIT CHANGED - PLC[PLC MASTER SERVICE] - address [0] - pos [6] - val[true]
2019-03-03 12:24:42.225 ERROR [pool-3-thread-1] [stecamSP1802.services.PLCListenerImp] [onPLCBitChanged] [stecamSP1802.services.PLCListenerImp.onPLCBitChanged(PLCListenerImp.java:30)] - RICEVUTO 0.6 - Riceta OK inatteso
2019-03-03 12:25:18.831 INFO [pool-3-thread-1] [stecamSP1802.services.PLCListenerImp] [onPLCBitChanged] [stecamSP1802.services.PLCListenerImp.onPLCBitChanged(PLCListenerImp.java:22)] - PLC BIT CHANGED - PLC[PLC MASTER SERVICE] - address [0] - pos [6] - val[false]
2019-03-03 12:25:53.637 ERROR [pool-3-thread-1] [stecamSP1802.services.PLC] [run] [stecamSP1802.services.PLC.run(PLC.java:578)] - sleep interrupted
